Log file open, 03/21/18 21:44:40
LogWindows: Failed to load 'aqProf.dll' (GetLastError=126)
LogWindows: File 'aqProf.dll' does not exist
LogWindows: Failed to load 'VSPerf140.dll' (GetLastError=126)
LogWindows: File 'VSPerf140.dll' does not exist
LogWindows: Failed to load 'VtuneApi.dll' (GetLastError=126)
LogWindows: File 'VtuneApi.dll' does not exist
LogWindows: Failed to load 'VtuneApi32e.dll' (GetLastError=126)
LogWindows: File 'VtuneApi32e.dll' does not exist
LogInit: Display: Running engine for game: ClasesUnreal
LogPlatformFile: Not using cached read wrapper
LogInit: Display: RandInit(-514894484) SRandInit(-514894484).
LogInit: Read version file with build ID '3709383'
LogInit: Overriding engine version to CL 3832480, compatible CL 3709383
LogInit: Registered custom module enumerator with build ID '3709383'
LogTaskGraph: Started task graph with 5 named threads and 14 total threads with 3 sets of task threads.
LogStats: Stats thread started at 4.373123
LogD3D11RHI: Aftermath initialized
LogModuleManager: Display: Found up-to-date module file ../../../Engine/Plugins/2D/Paper2D/Binaries/Win64/UE4Editor-Paper2D.dll (API version 3709383).
LogModuleManager: Display: Found up-to-date module file ../../../Engine/Plugins/2D/Paper2D/Binaries/Win64/UE4Editor-Paper2DEditor.dll (API version 3709383).
LogModuleManager: Display: Found up-to-date module file ../../../Engine/Plugins/2D/Paper2D/Binaries/Win64/UE4Editor-PaperSpriteSheetImporter.dll (API version 3709383).
LogModuleManager: Display: Found up-to-date module file ../../../Engine/Plugins/2D/Paper2D/Binaries/Win64/UE4Editor-PaperTiledImporter.dll (API version 3709383).
LogModuleManager: Display: Found up-to-date module file ../../../Engine/Plugins/2D/Paper2D/Binaries/Win64/UE4Editor-SmartSnapping.dll (API version 3709383).
LogModuleManager: Display: Found up-to-date module file ../../../Engine/Plugins/Blendables/LightPropagationVolume/Binaries/Win64/UE4Editor-LightPropagationVolumeRuntime.dll (API version 3709383).
LogModuleManager: Display: Found up-to-date module file ../../../Engine/Plugins/Blendables/LightPropagationVolume/Binaries/Win64/UE4Editor-LightPropagationVolumeEditor.dll (API version 3709383).
LogModuleManager: Display: Found up-to-date module file ../../../Engine/Plugins/Developer/GitSourceControl/Binaries/Win64/UE4Editor-GitSourceControl.dll (API version 3709383).
LogModuleManager: Display: Found up-to-date module file ../../../Engine/Plugins/Developer/PerforceSourceControl/Binaries/Win64/UE4Editor-PerforceSourceControl.dll (API version 3709383).
LogModuleManager: Display: Found up-to-date module file ../../../Engine/Plugins/Developer/SubversionSourceControl/Binaries/Win64/UE4Editor-SubversionSourceControl.dll (API version 3709383).
LogModuleManager: Display: Found up-to-date module file ../../../Engine/Plugins/Developer/UObjectPlugin/Binaries/Win64/UE4Editor-UObjectPlugin.dll (API version 3709383).
LogModuleManager: Display: Found up-to-date module file ../../../Engine/Plugins/Developer/VisualStudioCodeSourceCodeAccess/Binaries/Win64/UE4Editor-VisualStudioCodeSourceCodeAccess.dll (API version 3709383).
LogModuleManager: Display: Found up-to-date module file ../../../Engine/Plugins/Developer/VisualStudioSourceCodeAccess/Binaries/Win64/UE4Editor-VisualStudioSourceCodeAccess.dll (API version 3709383).
LogModuleManager: Display: Found up-to-date module file ../../../Engine/Plugins/Editor/AssetManagerEditor/Binaries/Win64/UE4Editor-AssetManagerEditor.dll (API version 3709383).
LogModuleManager: Display: Found up-to-date module file ../../../Engine/Plugins/Editor/AudioCapture/Binaries/Win64/UE4Editor-AudioCapture.dll (API version 3709383).
LogModuleManager: Display: Found up-to-date module file ../../../Engine/Plugins/Editor/FacialAnimation/Binaries/Win64/UE4Editor-FacialAnimation.dll (API version 3709383).
LogModuleManager: Display: Found up-to-date module file ../../../Engine/Plugins/Editor/FacialAnimation/Binaries/Win64/UE4Editor-FacialAnimationEditor.dll (API version 3709383).
LogModuleManager: Display: Found up-to-date module file ../../../Engine/Plugins/Editor/GameplayTagsEditor/Binaries/Win64/UE4Editor-GameplayTagsEditor.dll (API version 3709383).
LogModuleManager: Display: Found up-to-date module file ../../../Engine/Plugins/Editor/MobileLauncherProfileWizard/Binaries/Win64/UE4Editor-MobileLauncherProfileWizard.dll (API version 3709383).
LogModuleManager: Display: Found up-to-date module file ../../../Engine/Plugins/Editor/PluginBrowser/Binaries/Win64/UE4Editor-PluginBrowser.dll (API version 3709383).
LogModuleManager: Display: Found up-to-date module file ../../../Engine/Plugins/Editor/SpeedTreeImporter/Binaries/Win64/UE4Editor-SpeedTreeImporter.dll (API version 3709383).
LogModuleManager: Display: Found up-to-date module file ../../../Engine/Plugins/Experimental/AlembicImporter/Binaries/Win64/UE4Editor-AlembicImporter.dll (API version 3709383).
LogModuleManager: Display: Found up-to-date module file ../../../Engine/Plugins/Experimental/AlembicImporter/Binaries/Win64/UE4Editor-AlembicLibrary.dll (API version 3709383).
LogModuleManager: Display: Found up-to-date module file ../../../Engine/Plugins/Experimental/CharacterAI/Binaries/Win64/UE4Editor-CharacterAI.dll (API version 3709383).
LogModuleManager: Display: Found up-to-date module file ../../../Engine/Plugins/Experimental/HTML5Networking/Binaries/Win64/UE4Editor-HTML5Networking.dll (API version 3709383).
LogModuleManager: Display: Found up-to-date module file ../../../Engine/Plugins/Media/AndroidMedia/Binaries/Win64/UE4Editor-AndroidMediaEditor.dll (API version 3709383).
LogModuleManager: Display: Found up-to-date module file ../../../Engine/Plugins/Media/AndroidMedia/Binaries/Win64/UE4Editor-AndroidMediaFactory.dll (API version 3709383).
LogModuleManager: Display: Found up-to-date module file ../../../Engine/Plugins/Media/AvfMedia/Binaries/Win64/UE4Editor-AvfMediaEditor.dll (API version 3709383).
LogModuleManager: Display: Found up-to-date module file ../../../Engine/Plugins/Media/AvfMedia/Binaries/Win64/UE4Editor-AvfMediaFactory.dll (API version 3709383).
LogModuleManager: Display: Found up-to-date module file ../../../Engine/Plugins/Media/AvfMedia/Binaries/Win64/UE4Editor-AvfMediaFactory.dll (API version 3709383).
LogModuleManager: Display: Found up-to-date module file ../../../Engine/Plugins/Media/ImgMedia/Binaries/Win64/UE4Editor-ImgMedia.dll (API version 3709383).
LogModuleManager: Display: Found up-to-date module file ../../../Engine/Plugins/Media/ImgMedia/Binaries/Win64/UE4Editor-ImgMediaEditor.dll (API version 3709383).
LogModuleManager: Display: Found up-to-date module file ../../../Engine/Plugins/Media/ImgMedia/Binaries/Win64/UE4Editor-ImgMediaFactory.dll (API version 3709383).
LogModuleManager: Display: Found up-to-date module file ../../../Engine/Plugins/Media/ImgMedia/Binaries/Win64/UE4Editor-ImgMediaFactory.dll (API version 3709383).
LogModuleManager: Display: Found up-to-date module file ../../../Engine/Plugins/Media/ImgMedia/Binaries/Win64/UE4Editor-OpenExrWrapper.dll (API version 3709383).
LogModuleManager: Display: Found up-to-date module file ../../../Engine/Plugins/Media/MediaCompositing/Binaries/Win64/UE4Editor-MediaCompositing.dll (API version 3709383).
LogModuleManager: Display: Found up-to-date module file ../../../Engine/Plugins/Media/MediaCompositing/Binaries/Win64/UE4Editor-MediaCompositingEditor.dll (API version 3709383).
LogModuleManager: Display: Found up-to-date module file ../../../Engine/Plugins/Media/MediaPlayerEditor/Binaries/Win64/UE4Editor-MediaPlayerEditor.dll (API version 3709383).
LogModuleManager: Display: Found up-to-date module file ../../../Engine/Plugins/Media/WmfMedia/Binaries/Win64/UE4Editor-WmfMedia.dll (API version 3709383).
LogModuleManager: Display: Found up-to-date module file ../../../Engine/Plugins/Media/WmfMedia/Binaries/Win64/UE4Editor-WmfMediaEditor.dll (API version 3709383).
LogModuleManager: Display: Found up-to-date module file ../../../Engine/Plugins/Media/WmfMedia/Binaries/Win64/UE4Editor-WmfMediaFactory.dll (API version 3709383).
LogModuleManager: Display: Found up-to-date module file ../../../Engine/Plugins/Media/WmfMedia/Binaries/Win64/UE4Editor-WmfMediaFactory.dll (API version 3709383).
LogModuleManager: Display: Found up-to-date module file ../../../Engine/Plugins/Messaging/TcpMessaging/Binaries/Win64/UE4Editor-TcpMessaging.dll (API version 3709383).
LogModuleManager: Display: Found up-to-date module file ../../../Engine/Plugins/Messaging/UdpMessaging/Binaries/Win64/UE4Editor-UdpMessaging.dll (API version 3709383).
LogModuleManager: Display: Found up-to-date module file ../../../Engine/Plugins/MovieScene/ActorSequence/Binaries/Win64/UE4Editor-ActorSequence.dll (API version 3709383).
LogModuleManager: Display: Found up-to-date module file ../../../Engine/Plugins/MovieScene/LevelSequenceEditor/Binaries/Win64/UE4Editor-LevelSequenceEditor.dll (API version 3709383).
LogModuleManager: Display: Found up-to-date module file ../../../Engine/Plugins/MovieScene/MatineeToLevelSequence/Binaries/Win64/UE4Editor-MatineeToLevelSequence.dll (API version 3709383).
LogModuleManager: Display: Found up-to-date module file ../../../Engine/Plugins/Online/OnlineSubsystem/Binaries/Win64/UE4Editor-OnlineSubsystem.dll (API version 3709383).
LogModuleManager: Display: Found up-to-date module file ../../../Engine/Plugins/Runtime/AndroidPermission/Binaries/Win64/UE4Editor-AndroidPermission.dll (API version 3709383).
LogModuleManager: Display: Found up-to-date module file ../../../Engine/Plugins/Online/OnlineSubsystemNull/Binaries/Win64/UE4Editor-OnlineSubsystemNull.dll (API version 3709383).
LogModuleManager: Display: Found up-to-date module file ../../../Engine/Plugins/Online/OnlineSubsystemUtils/Binaries/Win64/UE4Editor-OnlineSubsystemUtils.dll (API version 3709383).
LogModuleManager: Display: Found up-to-date module file ../../../Engine/Plugins/Online/OnlineSubsystemUtils/Binaries/Win64/UE4Editor-OnlineBlueprintSupport.dll (API version 3709383).
LogModuleManager: Display: Found up-to-date module file ../../../Engine/Plugins/Runtime/AndroidDeviceProfileSelector/Binaries/Win64/UE4Editor-AndroidDeviceProfileSelector.dll (API version 3709383).
LogModuleManager: Display: Found up-to-date module file ../../../Engine/Plugins/Runtime/AppleARKit/Binaries/Win64/UE4Editor-AppleARKit.dll (API version 3709383).
LogModuleManager: Display: Found up-to-date module file ../../../Engine/Plugins/Runtime/ArchVisCharacter/Binaries/Win64/UE4Editor-ArchVisCharacter.dll (API version 3709383).
LogModuleManager: Display: Found up-to-date module file ../../../Engine/Plugins/Runtime/CableComponent/Binaries/Win64/UE4Editor-CableComponent.dll (API version 3709383).
LogModuleManager: Display: Found up-to-date module file ../../../Engine/Plugins/Runtime/CustomMeshComponent/Binaries/Win64/UE4Editor-CustomMeshComponent.dll (API version 3709383).
LogModuleManager: Display: Found up-to-date module file ../../../Engine/Plugins/Runtime/ExampleDeviceProfileSelector/Binaries/Win64/UE4Editor-ExampleDeviceProfileSelector.dll (API version 3709383).
LogModuleManager: Display: Found up-to-date module file ../../../Engine/Plugins/Runtime/ImmediatePhysics/Binaries/Win64/UE4Editor-ImmediatePhysics.dll (API version 3709383).
LogModuleManager: Display: Found up-to-date module file ../../../Engine/Plugins/Runtime/ImmediatePhysics/Binaries/Win64/UE4Editor-ImmediatePhysicsEditor.dll (API version 3709383).
LogModuleManager: Display: Found up-to-date module file ../../../Engine/Plugins/Runtime/LocationServicesBPLibrary/Binaries/Win64/UE4Editor-LocationServicesBPLibrary.dll (API version 3709383).
LogModuleManager: Display: Found up-to-date module file ../../../Engine/Plugins/Runtime/MobilePatchingUtils/Binaries/Win64/UE4Editor-MobilePatchingUtils.dll (API version 3709383).
LogModuleManager: Display: Found up-to-date module file ../../../Engine/Plugins/Runtime/Oculus/OculusVR/Binaries/Win64/UE4Editor-OculusHMD.dll (API version 3709383).
LogModuleManager: Display: Found up-to-date module file ../../../Engine/Plugins/Runtime/Oculus/OculusVR/Binaries/Win64/UE4Editor-OculusInput.dll (API version 3709383).
LogModuleManager: Display: Found up-to-date module file ../../../Engine/Plugins/Runtime/Oculus/OculusVR/Binaries/Win64/UE4Editor-OculusEditor.dll (API version 3709383).
LogModuleManager: Display: Found up-to-date module file ../../../Engine/Plugins/Runtime/PhysXVehicles/Binaries/Win64/UE4Editor-PhysXVehicles.dll (API version 3709383).
LogModuleManager: Display: Found up-to-date module file ../../../Engine/Plugins/Runtime/PhysXVehicles/Binaries/Win64/UE4Editor-PhysXVehiclesEditor.dll (API version 3709383).
LogModuleManager: Display: Found up-to-date module file ../../../Engine/Plugins/Runtime/ProceduralMeshComponent/Binaries/Win64/UE4Editor-ProceduralMeshComponent.dll (API version 3709383).
LogModuleManager: Display: Found up-to-date module file ../../../Engine/Plugins/Runtime/ProceduralMeshComponent/Binaries/Win64/UE4Editor-ProceduralMeshComponentEditor.dll (API version 3709383).
LogModuleManager: Display: Found up-to-date module file ../../../Engine/Plugins/Runtime/RuntimePhysXCooking/Binaries/Win64/UE4Editor-RuntimePhysXCooking.dll (API version 3709383).
LogModuleManager: Display: Found up-to-date module file ../../../Engine/Plugins/Runtime/Steam/SteamVR/Binaries/Win64/UE4Editor-SteamVR.dll (API version 3709383).
LogModuleManager: Display: Found up-to-date module file ../../../Engine/Plugins/Runtime/Steam/SteamVR/Binaries/Win64/UE4Editor-SteamVRController.dll (API version 3709383).
LogModuleManager: Display: Found up-to-date module file ../../../Engine/Plugins/Runtime/WindowsMoviePlayer/Binaries/Win64/UE4Editor-WindowsMoviePlayer.dll (API version 3709383).
LogPluginManager: Mounting plugin Paper2D
LogPluginManager: Mounting plugin LightPropagationVolume
LogPluginManager: Mounting plugin CodeLiteSourceCodeAccess
LogPluginManager: Mounting plugin GitSourceControl
LogPluginManager: Mounting plugin KDevelopSourceCodeAccess
LogPluginManager: Mounting plugin NullSourceCodeAccess
LogPluginManager: Mounting plugin PerforceSourceControl
LogPluginManager: Mounting plugin SubversionSourceControl
LogPluginManager: Mounting plugin UObjectPlugin
LogPluginManager: Mounting plugin VisualStudioCodeSourceCodeAccess
LogPluginManager: Mounting plugin VisualStudioSourceCodeAccess
LogPluginManager: Mounting plugin XCodeSourceCodeAccess
LogPluginManager: Mounting plugin AssetManagerEditor
LogPluginManager: Mounting plugin AudioCapture
LogPluginManager: Mounting plugin FacialAnimation
LogPluginManager: Mounting plugin GameplayTagsEditor
LogPluginManager: Mounting plugin MobileLauncherProfileWizard
LogPluginManager: Mounting plugin PluginBrowser
LogPluginManager: Mounting plugin SpeedTreeImporter
LogPluginManager: Mounting plugin AlembicImporter
LogPluginManager: Mounting plugin CharacterAI
LogPluginManager: Mounting plugin HTML5Networking
LogPluginManager: Mounting plugin AndroidMedia
LogPluginManager: Mounting plugin AvfMedia
LogPluginManager: Mounting plugin ImgMedia
LogPluginManager: Mounting plugin MediaCompositing
LogPluginManager: Mounting plugin MediaPlayerEditor
LogPluginManager: Mounting plugin WmfMedia
LogPluginManager: Mounting plugin TcpMessaging
LogPluginManager: Mounting plugin UdpMessaging
LogPluginManager: Mounting plugin ActorSequence
LogPluginManager: Mounting plugin LevelSequenceEditor
LogPluginManager: Mounting plugin MatineeToLevelSequence
LogPluginManager: Mounting plugin OnlineSubsystemGooglePlay
LogPluginManager: Mounting plugin OnlineSubsystemIOS
LogPluginManager: Mounting plugin OnlineSubsystem
LogPluginManager: Mounting plugin OnlineSubsystemNull
LogPluginManager: Mounting plugin OnlineSubsystemUtils
LogPluginManager: Mounting plugin AndroidDeviceProfileSelector
LogPluginManager: Mounting plugin AndroidMoviePlayer
LogPluginManager: Mounting plugin AndroidPermission
LogPluginManager: Mounting plugin AppleARKit
LogPluginManager: Mounting plugin AppleMoviePlayer
LogPluginManager: Mounting plugin ArchVisCharacter
LogPluginManager: Mounting plugin CableComponent
LogPluginManager: Mounting plugin CustomMeshComponent
LogPluginManager: Mounting plugin ExampleDeviceProfileSelector
LogPluginManager: Mounting plugin GoogleCloudMessaging
LogPluginManager: Mounting plugin ImmediatePhysics
LogPluginManager: Mounting plugin IOSDeviceProfileSelector
LogPluginManager: Mounting plugin LinuxDeviceProfileSelector
LogPluginManager: Mounting plugin LocationServicesBPLibrary
LogPluginManager: Mounting plugin MobilePatchingUtils
LogPluginManager: Mounting plugin OculusVR
LogPluginManager: Plugin shader directory ../../../Engine/Plugins/Runtime/Oculus/OculusVR/Shaders found
LogPluginManager: Mapping shader source directory ../../../Engine/Plugins/Runtime/Oculus/OculusVR/Shaders to virtual directory /Plugin/OculusVR
LogPluginManager: Mounting plugin PhysXVehicles
LogPluginManager: Mounting plugin ProceduralMeshComponent
LogPluginManager: Mounting plugin RuntimePhysXCooking
LogPluginManager: Mounting plugin SteamVR
LogPluginManager: Mounting plugin WindowsMoviePlayer
LogInit: Using libcurl 7.47.1
LogInit:  - built for x86_64-pc-win32
LogInit:  - supports SSL with OpenSSL/1.0.2g
LogInit:  - supports HTTP deflate (compression) using libz 1.2.8
LogInit:  - other features:
LogInit:      CURL_VERSION_SSL
LogInit:      CURL_VERSION_LIBZ
LogInit:      CURL_VERSION_IPV6
LogInit:      CURL_VERSION_ASYNCHDNS
LogInit:      CURL_VERSION_LARGEFILE
LogInit:      CURL_VERSION_IDN
LogInit:  CurlRequestOptions (configurable via config and command line):
LogInit:  - bVerifyPeer = false  - Libcurl will NOT verify peer certificate
LogInit:  - bUseHttpProxy = false  - Libcurl will NOT use HTTP proxy
LogInit:  - bDontReuseConnections = false  - Libcurl will reuse connections
LogInit:  - CertBundlePath = nullptr  - Libcurl will use whatever was configured at build time.
LogInit: Build: ++UE4+Release-4.18-CL-3832480
LogInit: Engine Version: 4.18.3-3832480+++UE4+Release-4.18
LogInit: Compatible Engine Version: 4.18.0-3709383+++UE4+Release-4.18
LogInit: Net CL: 3709383
LogDevObjectVersion: Number of dev versions registered: 16
LogDevObjectVersion:   Dev-Blueprints (B0D832E4-1F89-4F0D-ACCF-7EB736FD4AA2): 10
LogDevObjectVersion:   Dev-Build (E1C64328-A22C-4D53-A36C-8E866417BD8C): 0
LogDevObjectVersion:   Dev-Core (375EC13C-06E4-48FB-B500-84F0262A717E): 2
LogDevObjectVersion:   Dev-Editor (E4B068ED-F494-42E9-A231-DA0B2E46BB41): 20
LogDevObjectVersion:   Dev-Framework (CFFC743F-43B0-4480-9391-14DF171D2073): 30
LogDevObjectVersion:   Dev-Mobile (B02B49B5-BB20-44E9-A304-32B752E40360): 0
LogDevObjectVersion:   Dev-Networking (A4E4105C-59A1-49B5-A7C5-40C4547EDFEE): 0
LogDevObjectVersion:   Dev-Online (39C831C9-5AE6-47DC-9A44-9C173E1C8E7C): 0
LogDevObjectVersion:   Dev-Physics (78F01B33-EBEA-4F98-B9B4-84EACCB95AA2): 0
LogDevObjectVersion:   Dev-Platform (6631380F-2D4D-43E0-8009-CF276956A95A): 0
LogDevObjectVersion:   Dev-Rendering (12F88B9F-8875-4AFC-A67C-D90C383ABD29): 20
LogDevObjectVersion:   Dev-Sequencer (7B5AE74C-D270-4C10-A958-57980B212A5A): 4
LogDevObjectVersion:   Dev-VR (D7296918-1DD6-4BDD-9DE2-64A83CC13884): 0
LogDevObjectVersion:   Dev-LoadTimes (C2A15278-BFE7-4AFE-6C17-90FF531DF755): 1
LogDevObjectVersion:   Private-Geometry (6EACA3D4-40EC-4CC1-B786-8BED09428FC5): 1
LogDevObjectVersion:   Dev-AnimPhys (29E575DD-E0A3-4627-9D10-D276232CDCEA): 12
LogInit: Compiled (64-bit): Jan 12 2018 02:04:55
LogInit: Compiled with Visual C++: 19.00.24215.01
LogInit: Build Configuration: Development
LogInit: Branch Name: ++UE4+Release-4.18
LogInit: Command line:  
LogInit: Base directory: D:/Program Files/Epic Games/UE_4.18/Engine/Binaries/Win64/
LogInit: Installed Engine Build: 1
LogInit: Presizing for max 8388607 objects, including 0 objects not considered by GC, pre-allocating 0 bytes for permanent pool.
LogInit: Object subsystem initialized
[2018.03.21-20.44.46:779][  0]LogInit: Selected Device Profile: [Windows]
[2018.03.21-20.44.46:779][  0]LogInit: Applying CVar settings loaded from the selected device profile: [Windows]
[2018.03.21-20.44.46:865][  0]LogInit: Computer: DESKTOP-FCFDB7J
[2018.03.21-20.44.46:865][  0]LogInit: User: guill
[2018.03.21-20.44.46:865][  0]LogInit: CPU Page size=4096, Cores=4
[2018.03.21-20.44.46:865][  0]LogInit: High frequency timer resolution =3.117781 MHz
[2018.03.21-20.44.46:866][  0]LogMemory: Memory total: Physical=5.9GB (6GB approx)
[2018.03.21-20.44.46:866][  0]LogMemory: Platform Memory Stats for Windows
[2018.03.21-20.44.46:866][  0]LogMemory: Process Physical Memory: 274.14 MB used, 274.14 MB peak
[2018.03.21-20.44.46:866][  0]LogMemory: Process Virtual Memory: 273.61 MB used, 273.61 MB peak
[2018.03.21-20.44.46:866][  0]LogMemory: Physical Memory: 4326.20 MB used,  1756.98 MB free, 6083.17 MB total
[2018.03.21-20.44.46:866][  0]LogMemory: Virtual Memory: 686.31 MB used,  1756.98 MB free, 134217728.00 MB total
[2018.03.21-20.44.47:796][  0]LogInit: Using OS detected language (es-ES).
[2018.03.21-20.44.47:796][  0]LogInit: Using OS detected locale (es-ES).
[2018.03.21-20.44.48:278][  0]LogTextLocalizationManager: No specific localization for 'es-ES' exists, so the 'es' localization will be used.
[2018.03.21-20.44.48:718][  0]LogInit: Setting process to per monitor DPI aware
[2018.03.21-20.44.53:195][  0]LogD3D11RHI: D3D11 adapters:
[2018.03.21-20.44.53:473][  0]LogD3D11RHI:    0. 'NVIDIA GeForce GTX 960' (Feature Level 11_0)
[2018.03.21-20.44.53:473][  0]LogD3D11RHI:       2007/0/3041 MB DedicatedVideo/DedicatedSystem/SharedSystem, Outputs:1, VendorId:0x10de
[2018.03.21-20.44.53:533][  0]LogD3D11RHI:    1. 'Microsoft Basic Render Driver' (Feature Level 11_0)
[2018.03.21-20.44.53:533][  0]LogD3D11RHI:       0/0/3041 MB DedicatedVideo/DedicatedSystem/SharedSystem, Outputs:0, VendorId:0x1414
[2018.03.21-20.44.53:533][  0]LogD3D11RHI: Chosen D3D11 Adapter: 0
[2018.03.21-20.44.53:547][  0]LogD3D11RHI: Creating new Direct3DDevice
[2018.03.21-20.44.53:547][  0]LogD3D11RHI:     GPU DeviceId: 0x1401 (for the marketing name, search the web for "GPU Device Id")
[2018.03.21-20.44.53:547][  0]LogWindows: EnumDisplayDevices:
[2018.03.21-20.44.53:548][  0]LogWindows:    0. 'NVIDIA GeForce GTX 960' (P:1 D:1)
[2018.03.21-20.44.53:548][  0]LogWindows:    1. 'NVIDIA GeForce GTX 960' (P:0 D:0)
[2018.03.21-20.44.53:549][  0]LogWindows:    2. 'NVIDIA GeForce GTX 960' (P:0 D:0)
[2018.03.21-20.44.53:549][  0]LogWindows:    3. 'NVIDIA GeForce GTX 960' (P:0 D:0)
[2018.03.21-20.44.53:549][  0]LogWindows: DebugString: GetVideoDriverDetailsInvalid PrimaryIsNotTheChoosenAdapter GetVideoDriverDetailsInvalid PrimaryIsNotTheChoosenAdapter GetVideoDriverDetailsInvalid PrimaryIsNotTheChoosenAdapter GetVideoDriverDetailsInvalid PrimaryIsNotTheChoosenAdapter FoundDriverCount:0 
[2018.03.21-20.44.53:549][  0]LogD3D11RHI:     Adapter Name: NVIDIA GeForce GTX 960
[2018.03.21-20.44.53:549][  0]LogD3D11RHI:   Driver Version: Unknown (internal:Unknown, unified:Unknown)
[2018.03.21-20.44.53:549][  0]LogD3D11RHI:      Driver Date: Unknown
[2018.03.21-20.44.53:549][  0]LogRHI: Texture pool is 1405 MB (70% of 2007 MB)
[2018.03.21-20.44.53:629][  0]LogD3D11RHI: Async texture creation enabled
[2018.03.21-20.44.53:655][  0]LogD3D11RHI: GPU Timing Frequency: 1000.000000 (Debug: 2 2)
[2018.03.21-20.44.53:668][  0]LogShaderCompilers: Guid format shader working directory is -1 characters bigger than the processId version (C:/Users/guill/OneDrive/Escriptori/ClasesUnreal/Intermediate/Shaders/WorkingDirectory/9576/).
[2018.03.21-20.44.53:668][  0]LogShaderCompilers: Cleaned the shader compiler working directory 'C:/Users/guill/AppData/Local/Temp/UnrealShaderWorkingDir/70E90B804629B9EFE95338BF8D8F3909/'.
[2018.03.21-20.44.53:668][  0]LogShaderCompilers: Display: Using Local Shader Compiler.
[2018.03.21-20.44.59:948][  0]LogTemp: Display: Loaded TP AllDesktopTargetPlatform
[2018.03.21-20.44.59:987][  0]LogTemp: Display: Loaded TP MacClientTargetPlatform
[2018.03.21-20.45.00:031][  0]LogTemp: Display: Loaded TP MacNoEditorTargetPlatform
[2018.03.21-20.45.00:072][  0]LogTemp: Display: Loaded TP MacServerTargetPlatform
[2018.03.21-20.45.00:134][  0]LogTemp: Display: Loaded TP MacTargetPlatform
[2018.03.21-20.45.00:190][  0]LogTemp: Display: Loaded TP WindowsClientTargetPlatform
[2018.03.21-20.45.00:229][  0]LogTemp: Display: Loaded TP WindowsNoEditorTargetPlatform
[2018.03.21-20.45.00:268][  0]LogTemp: Display: Loaded TP WindowsServerTargetPlatform
[2018.03.21-20.45.00:300][  0]LogTemp: Display: Loaded TP WindowsTargetPlatform
[2018.03.21-20.45.00:338][  0]LogTemp: Display: Loaded TP Android_ASTCTargetPlatform
[2018.03.21-20.45.00:377][  0]LogTemp: Display: Loaded TP Android_ATCTargetPlatform
[2018.03.21-20.45.00:415][  0]LogTemp: Display: Loaded TP Android_DXTTargetPlatform
[2018.03.21-20.45.00:456][  0]LogTemp: Display: Loaded TP Android_ETC1TargetPlatform
[2018.03.21-20.45.00:497][  0]LogTemp: Display: Loaded TP Android_ETC2TargetPlatform
[2018.03.21-20.45.00:573][  0]LogTemp: Display: Loaded TP Android_MultiTargetPlatform
[2018.03.21-20.45.00:574][  0]LogTemp: Display: Loaded TP Android_PVRTCTargetPlatform
[2018.03.21-20.45.00:630][  0]LogTemp: Display: Loaded TP AndroidTargetPlatform
[2018.03.21-20.45.00:658][  0]LogTemp: Display: Loaded TP HTML5TargetPlatform
[2018.03.21-20.45.00:840][  0]LogTemp: Display: Loaded TP IOSTargetPlatform
[2018.03.21-20.45.00:879][  0]LogTemp: Display: Loaded TP TVOSTargetPlatform
[2018.03.21-20.45.00:917][  0]LogTemp: Display: Loaded TP LinuxClientTargetPlatform
[2018.03.21-20.45.00:956][  0]LogTemp: Display: Loaded TP LinuxNoEditorTargetPlatform
[2018.03.21-20.45.00:995][  0]LogTemp: Display: Loaded TP LinuxServerTargetPlatform
[2018.03.21-20.45.01:059][  0]LogTemp: Display: Loaded TP LinuxTargetPlatform
[2018.03.21-20.45.01:059][  0]LogTargetPlatformManager: Display: Building Assets For Windows
[2018.03.21-20.45.03:283][  0]LogDerivedDataCache: Display: Max Cache Size: 512 MB
[2018.03.21-20.45.03:978][  0]LogDerivedDataCache: Loaded boot cache 0.68s 78MB C:/Users/guill/AppData/Local/UnrealEngine/4.18/DerivedDataCache/Boot.ddc.
[2018.03.21-20.45.03:978][  0]LogDerivedDataCache: Display: Loaded Boot cache: C:/Users/guill/AppData/Local/UnrealEngine/4.18/DerivedDataCache/Boot.ddc
[2018.03.21-20.45.03:978][  0]LogDerivedDataCache: FDerivedDataBackendGraph:  Pak pak cache file C:/Users/guill/OneDrive/Escriptori/ClasesUnreal/DerivedDataCache/DDC.ddp not found, will not use a pak cache.
[2018.03.21-20.45.03:978][  0]LogDerivedDataCache: Unable to find inner node Pak for hierarchical cache Hierarchy.
[2018.03.21-20.45.03:979][  0]LogDerivedDataCache: FDerivedDataBackendGraph:  CompressedPak pak cache file C:/Users/guill/OneDrive/Escriptori/ClasesUnreal/DerivedDataCache/Compressed.ddp not found, will not use a pak cache.
[2018.03.21-20.45.03:979][  0]LogDerivedDataCache: Unable to find inner node CompressedPak for hierarchical cache Hierarchy.
[2018.03.21-20.45.04:158][  0]LogDerivedDataCache: Display: Pak cache opened for reading ../../../Engine/DerivedDataCache/Compressed.ddp.
[2018.03.21-20.45.04:193][  0]LogDerivedDataCache: Using Local data cache path C:/Users/guill/AppData/Local/UnrealEngine/Common/DerivedDataCache: Writable
[2018.03.21-20.45.04:211][  0]LogMaterial: Verifying Global Shaders for PCD3D_SM5
[2018.03.21-20.45.04:232][  0]LogSlate: Using Freetype 2.6.0
[2018.03.21-20.45.04:440][  0]LogSlate: SlateFontCache - WITH_FREETYPE: 1, WITH_HARFBUZZ: 1
[2018.03.21-20.45.04:440][  0]LogSlate: SlateFontCache - WITH_FREETYPE: 1, WITH_HARFBUZZ: 1
[2018.03.21-20.45.13:598][  0]LogInit: Selected Device Profile: [Windows]
[2018.03.21-20.45.15:846][  0]LogSimplygon: Simplygon DLL not present - disabling.
[2018.03.21-20.45.15:899][  0]LogMeshReduction: Using SimplygonSwarm for distributed automatic mesh merging
[2018.03.21-20.45.15:899][  0]LogMeshReduction: Using QuadricMeshReduction for automatic static mesh reduction
[2018.03.21-20.45.15:899][  0]LogMeshReduction: No automatic skeletal mesh reduction module available
[2018.03.21-20.45.15:899][  0]LogMeshReduction: No automatic mesh merging module available
[2018.03.21-20.45.15:899][  0]LogMeshMerging: No automatic mesh merging module available
[2018.03.21-20.45.16:522][  0]LogNetVersion: ClasesUnreal , NetCL: 3709383, EngineNetVer: 2, GameNetVer: 0 (Checksum: 2486592504)
[2018.03.21-20.45.19:356][  0]LogAssetRegistry: FAssetRegistry took 0.0431 seconds to start up
[2018.03.21-20.45.37:001][  0]LogPackageLocalizationCache: Processed 7 localized package path(s) for 2 prioritized culture(s) in 0.326051 seconds
[2018.03.21-20.45.37:085][  0]LogUObjectArray: 35870 objects as part of root set at end of initial load.
[2018.03.21-20.45.37:085][  0]LogUObjectAllocator: 7363704 out of 0 bytes used by permanent object pool.
[2018.03.21-20.45.37:085][  0]LogUObjectArray: CloseDisregardForGC: 0/0 objects in disregard for GC pool
[2018.03.21-20.45.37:297][  0]LogInit: WinSock: version 1.1 (2.2), MaxSocks=32767, MaxUdp=65467
[2018.03.21-20.46.12:826][  0]LogTcpMessaging: Initializing TcpMessaging bridge
[2018.03.21-20.46.13:009][  0]LogUdpMessaging: Initializing bridge on interface 0.0.0.0:0 to multicast group 230.0.0.1:6666.
[2018.03.21-20.46.15:834][  0]LogMaterial: Uniform references updated for custom material expression Custom.
[2018.03.21-20.46.17:358][  0]SourceControl: El control de código fuente está desactivado
[2018.03.21-20.46.17:373][  0]SourceControl: El control de código fuente está desactivado
[2018.03.21-20.46.17:447][  0]SourceControl: El control de código fuente está desactivado
[2018.03.21-20.46.17:513][  0]SourceControl: El control de código fuente está desactivado
[2018.03.21-20.46.18:892][  0]LogAndroidPermission: UAndroidPermissionCallbackProxy::GetInstance
[2018.03.21-20.46.19:213][  0]LogOcInput: OculusInput pre-init called
[2018.03.21-20.46.20:471][  0]LogEngine: Initializing Engine...
[2018.03.21-20.46.20:576][  0]LogHMD: Failed to initialize OpenVR with code 110
[2018.03.21-20.46.21:261][  0]LogStats: UGameplayTagsManager::ConstructGameplayTagTree: Construct from data asset -  0.000 s
[2018.03.21-20.46.21:262][  0]LogStats: UGameplayTagsManager::ConstructGameplayTagTree: GameplayTagTreeChangedEvent.Broadcast -  0.000 s
[2018.03.21-20.46.22:057][  0]LogAIModule: Creating AISystem for world Untitled
[2018.03.21-20.46.22:235][  0]LogInit: XAudio2 using 'Altavoces (Realtek High Definition Audio)' : 6 channels at 48 kHz using 32 bits per sample (channel mask 0x3f)
[2018.03.21-20.46.22:340][  0]LogInit: FAudioDevice initialized.
[2018.03.21-20.46.22:523][  0]LogDerivedDataCache: Saved boot cache 0.15s 78MB C:/Users/guill/AppData/Local/UnrealEngine/4.18/DerivedDataCache/Boot.ddc.
[2018.03.21-20.46.22:556][  0]LogInit: Texture streaming: Enabled
[2018.03.21-20.46.22:847][  0]LogEngineSessionManager: EngineSessionManager initialized
[2018.03.21-20.46.24:389][  0]LogInit: Transaction tracking system initialized
[2018.03.21-20.46.26:552][  0]BlueprintLog: New page: Cargar el editor
[2018.03.21-20.46.36:001][  0]LocalizationService: Localization service is disabled
[2018.03.21-20.46.39:806][  0]LogConsoleResponse: Display: 
[2018.03.21-20.46.45:829][  0]LogFileCache: Scanning file cache for directory 'C:/Users/guill/OneDrive/Escriptori/ClasesUnreal/Content/' took 0.29s
[2018.03.21-20.46.45:829][  0]LogCook: Display: Max memory allowance for cook 16384mb min free memory 0mb
[2018.03.21-20.46.45:876][  0]LogCook: Display: Mobile HDR setting 1
[2018.03.21-20.46.45:924][  0]LogGameplayTags: Display: UGameplayTagsManager::DoneAddingNativeTags. DelegateIsBound: 0
[2018.03.21-20.46.54:744][  0]SourceControl: El control de código fuente está desactivado
[2018.03.21-20.46.55:019][  0]Cmd: MAP LOAD FILE="C:/Users/guill/OneDrive/Escriptori/ClasesUnreal/Content/ThirdPersonBP/Maps/ThirdPersonExampleMap.umap" TEMPLATE=0 SHOWPROGRESS=1 FEATURELEVEL=3
[2018.03.21-20.46.55:202][  0]LightingResults: New page: Diseñar la iluminación
[2018.03.21-20.46.56:309][  0]MapCheck: New page: Revisión del mapa
[2018.03.21-20.46.56:309][  0]LightingResults: New page: Diseñar la iluminación
[2018.03.21-20.47.13:174][  0]LogAIModule: Creating AISystem for world ThirdPersonExampleMap
[2018.03.21-20.47.20:925][  0]LogEditorServer: Finished looking for orphan Actors (0.000 secs)
[2018.03.21-20.47.22:980][  0]Cmd: MAP CHECKDEP NOCLEARLOG
[2018.03.21-20.47.23:136][  0]MapCheck: Map check complete: 0 Error(s), 0 Warning(s), took 152,378ms to complete.
[2018.03.21-20.47.23:136][  0]LogFileHelpers: Loading map 'ThirdPersonExampleMap' took 28.276
[2018.03.21-20.47.28:893][  0]LogCollectionManager: Loaded 0 collections in 0.046029 seconds
[2018.03.21-20.47.29:595][  0]LogFileCache: Scanning file cache for directory 'C:/Users/guill/OneDrive/Escriptori/ClasesUnreal/Saved/Collections/' took 0.01s
[2018.03.21-20.47.29:595][  0]LogFileCache: Scanning file cache for directory 'C:/Users/guill/OneDrive/Escriptori/ClasesUnreal/Content/Developers/guill/Collections/' took 0.01s
[2018.03.21-20.47.29:595][  0]LogFileCache: Scanning file cache for directory 'C:/Users/guill/OneDrive/Escriptori/ClasesUnreal/Content/Collections/' took 0.01s
[2018.03.21-20.47.29:595][  0]LogCollectionManager: Rebuilt the GUID cache for 0 collections in 0.000001 seconds
[2018.03.21-20.47.29:661][  0]LogContentBrowser: Native class hierarchy populated in 0.0437 seconds. Added 2363 classes and 519 folders.
[2018.03.21-20.47.30:062][  0]LogContentBrowser: Native class hierarchy updated for 'WidgetCarousel' in 0.0007 seconds. Added 0 classes and 0 folders.
[2018.03.21-20.47.41:253][  0]LogContentBrowser: Native class hierarchy updated for 'AddContentDialog' in 0.0009 seconds. Added 0 classes and 0 folders.
[2018.03.21-20.47.42:140][  0]LogContentBrowser: Native class hierarchy updated for 'SceneOutliner' in 0.0006 seconds. Added 1 classes and 2 folders.
[2018.03.21-20.47.49:428][  0]LogSlate: Took 0.011933 seconds to synchronously load lazily loaded font '../../../Engine/Content/Slate/Fonts/Roboto-Regular.ttf' (155K)
[2018.03.21-20.47.49:481][  0]LogSlate: Took 0.024874 seconds to synchronously load lazily loaded font '../../../Engine/Content/Slate/Fonts/Roboto-Bold.ttf' (160K)
[2018.03.21-20.47.49:618][  0]LogSlate: Took 0.015365 seconds to synchronously load lazily loaded font '../../../Engine/Content/Editor/Slate/Fonts/FontAwesome.ttf' (139K)
[2018.03.21-20.47.51:260][  0]LogContentBrowser: Native class hierarchy updated for 'HierarchicalLODOutliner' in 0.0004 seconds. Added 1 classes and 2 folders.
[2018.03.21-20.47.51:261][  0]LogLoad: (Engine Initialization) Total time: 212.71 seconds
[2018.03.21-20.47.51:261][  0]LogLoad: (Engine Initialization) Total Blueprint compile time: 0.00 seconds
[2018.03.21-20.47.51:294][  0]LogExternalProfiler: No external profilers were discovered.  External profiling features will not be available.
[2018.03.21-20.47.52:347][  0]LogContentStreaming: Texture pool size now 1000 MB
[2018.03.21-20.47.53:222][  1]LogRenderer: Reallocating scene render targets to support 1208x488 Format 10 NumSamples 1 (Frame:1).
[2018.03.21-20.47.53:632][  1]LogSlate: Took 0.039338 seconds to synchronously load lazily loaded font '../../../Engine/Content/Slate/Fonts/Roboto-Light.ttf' (159K)
[2018.03.21-20.47.54:726][  6]LogAssetRegistry: Asset discovery search completed in 155.3923 seconds
[2018.03.21-20.47.54:771][  6]LogCollectionManager: Rebuilt the object cache for 0 collections in 0.000001 seconds (found 0 objects)
[2018.03.21-20.47.54:772][  6]LogCollectionManager: Fixed up redirectors for 0 collections in 0.006086 seconds (updated 0 objects)
[2018.03.21-21.00.01:929][633]LogEditorViewport: Clicking on Actor (LMB): StaticMeshActor (Floor)
[2018.03.21-21.00.04:974][797]Cmd: SELECT NONE
[2018.03.21-21.00.08:171][117]LogTemp: Repeating last play command: Selected Viewport
[2018.03.21-21.00.08:408][117]LogBlueprintUserMessages: Early PlayInEditor Detection: Level '/Game/ThirdPersonBP/Maps/ThirdPersonExampleMap.ThirdPersonExampleMap:PersistentLevel' has LevelScriptBlueprint '/Game/ThirdPersonBP/Maps/ThirdPersonExampleMap.ThirdPersonExampleMap:PersistentLevel.ThirdPersonExampleMap' with GeneratedClass '/Game/ThirdPersonBP/Maps/ThirdPersonExampleMap.ThirdPersonExampleMap_C' with ClassGeneratedBy '/Game/ThirdPersonBP/Maps/ThirdPersonExampleMap.ThirdPersonExampleMap:PersistentLevel.ThirdPersonExampleMap'
[2018.03.21-21.00.08:419][117]LogPlayLevel: PlayLevel: No blueprints needed recompiling
[2018.03.21-21.00.08:510][117]PIE: New page: Sesión PIE (reproducción en el editor): ThirdPersonExampleMap (21/3/2018 23:00:08)
[2018.03.21-21.00.08:720][117]LogPlayLevel: Creating play world package: /Game/ThirdPersonBP/Maps/UEDPIE_0_ThirdPersonExampleMap
[2018.03.21-21.00.08:820][117]LogPlayLevel: PIE: StaticDuplicateObject took: (0.099362s)
[2018.03.21-21.00.08:822][117]LogAIModule: Creating AISystem for world ThirdPersonExampleMap
[2018.03.21-21.00.08:830][117]LogPlayLevel: PIE: World Init took: (0.009817s)
[2018.03.21-21.00.08:841][117]LogPlayLevel: PIE: Created PIE world by copying editor world from /Game/ThirdPersonBP/Maps/ThirdPersonExampleMap.ThirdPersonExampleMap to /Game/ThirdPersonBP/Maps/UEDPIE_0_ThirdPersonExampleMap.ThirdPersonExampleMap (0.120515s)
[2018.03.21-21.00.08:918][117]LogInit: XAudio2 using 'Altavoces (Realtek High Definition Audio)' : 6 channels at 48 kHz using 32 bits per sample (channel mask 0x3f)
[2018.03.21-21.00.08:942][117]LogInit: FAudioDevice initialized.
[2018.03.21-21.00.09:053][117]LogLinker: Warning: No puede encontrar el archivo '/Game/GameModes_BP'
[2018.03.21-21.00.09:056][117]LogLinker: Warning: No puede encontrar el archivo '/Game/GameModes_BP'
[2018.03.21-21.00.09:064][117]LogUObjectGlobals: Warning: Error al encontrar el objeto 'Class /Game/GameModes_BP.GameModes_BP_C'
[2018.03.21-21.00.09:064][117]LogLoad: Game class is 'GameModeBase'
[2018.03.21-21.00.09:174][117]LogWorld: Bringing World /Game/ThirdPersonBP/Maps/UEDPIE_0_ThirdPersonExampleMap.ThirdPersonExampleMap up for play (max tick rate 0) at 2018.03.21-22.00.09
[2018.03.21-21.00.09:197][117]LogWorld: Bringing up level for play took: 0.038227
[2018.03.21-21.00.09:366][117]LogContentBrowser: Native class hierarchy updated for 'MovieSceneCapture' in 0.0304 seconds. Added 11 classes and 0 folders.
[2018.03.21-21.00.09:432][117]PIE: Tiempo de inicio de la reproducción en el editor para  /Game/ThirdPersonBP/Maps/UEDPIE_0_ThirdPersonExampleMap 0,526
[2018.03.21-21.00.09:432][117]LogBlueprintUserMessages: Late PlayInEditor Detection: Level '/Game/ThirdPersonBP/Maps/ThirdPersonExampleMap.ThirdPersonExampleMap:PersistentLevel' has LevelScriptBlueprint '/Game/ThirdPersonBP/Maps/ThirdPersonExampleMap.ThirdPersonExampleMap:PersistentLevel.ThirdPersonExampleMap' with GeneratedClass '/Game/ThirdPersonBP/Maps/ThirdPersonExampleMap.ThirdPersonExampleMap_C' with ClassGeneratedBy '/Game/ThirdPersonBP/Maps/ThirdPersonExampleMap.ThirdPersonExampleMap:PersistentLevel.ThirdPersonExampleMap'
[2018.03.21-21.01.08:540][148]LogBlueprintUserMessages: Early EndPlayMap Detection: Level '/Game/ThirdPersonBP/Maps/ThirdPersonExampleMap.ThirdPersonExampleMap:PersistentLevel' has LevelScriptBlueprint '/Game/ThirdPersonBP/Maps/ThirdPersonExampleMap.ThirdPersonExampleMap:PersistentLevel.ThirdPersonExampleMap' with GeneratedClass '/Game/ThirdPersonBP/Maps/ThirdPersonExampleMap.ThirdPersonExampleMap_C' with ClassGeneratedBy '/Game/ThirdPersonBP/Maps/ThirdPersonExampleMap.ThirdPersonExampleMap:PersistentLevel.ThirdPersonExampleMap'
[2018.03.21-21.01.08:730][148]LogBlueprintUserMessages: Late EndPlayMap Detection: Level '/Game/ThirdPersonBP/Maps/ThirdPersonExampleMap.ThirdPersonExampleMap:PersistentLevel' has LevelScriptBlueprint '/Game/ThirdPersonBP/Maps/ThirdPersonExampleMap.ThirdPersonExampleMap:PersistentLevel.ThirdPersonExampleMap' with GeneratedClass '/Game/ThirdPersonBP/Maps/ThirdPersonExampleMap.ThirdPersonExampleMap_C' with ClassGeneratedBy '/Game/ThirdPersonBP/Maps/ThirdPersonExampleMap.ThirdPersonExampleMap:PersistentLevel.ThirdPersonExampleMap'
[2018.03.21-21.01.32:424][656]Cmd: QUIT_EDITOR
[2018.03.21-21.01.33:339][656]LogWindowsTextInputMethodSystem: Display: IME system now deactivated.
[2018.03.21-21.01.33:417][656]LogExit: Preparing to exit.
[2018.03.21-21.01.34:816][656]LogExit: Editor shut down
[2018.03.21-21.01.34:830][656]LogExit: Transaction tracking system shut down
[2018.03.21-21.01.35:303][656]LogDirectoryWatcher: A directory notification for '../../../Engine/Content/' was aborted.
[2018.03.21-21.01.35:303][656]LogDirectoryWatcher: A directory notification for 'C:/Users/guill/OneDrive/Escriptori/ClasesUnreal/Content/' was aborted.
[2018.03.21-21.01.35:303][656]LogDirectoryWatcher: A directory notification for '../../../Engine/Plugins/2D/Paper2D/Content/' was aborted.
[2018.03.21-21.01.35:303][656]LogDirectoryWatcher: A directory notification for '../../../Engine/Plugins/Media/MediaCompositing/Content/' was aborted.
[2018.03.21-21.01.35:303][656]LogDirectoryWatcher: A directory notification for '../../../Engine/Plugins/Runtime/AppleARKit/Content/' was aborted.
[2018.03.21-21.01.35:303][656]LogDirectoryWatcher: A directory notification for '../../../Engine/Plugins/Runtime/Oculus/OculusVR/Content/' was aborted.
[2018.03.21-21.01.35:303][656]LogDirectoryWatcher: A directory notification for '../../../Engine/Plugins/Runtime/Steam/SteamVR/Content/' was aborted.
[2018.03.21-21.01.36:351][656]LogExit: Object subsystem successfully closed.
[2018.03.21-21.01.36:535][656]LogD3D11RHI: Shutdown
[2018.03.21-21.01.36:540][656]LogD3D11RHI: CleanupD3DDevice
[2018.03.21-21.01.36:563][656]LogD3D11RHI: ~FD3D11DynamicRHI
[2018.03.21-21.01.37:452][656]LogModuleManager: Shutting down and abandoning module MovieSceneCapture (550)
[2018.03.21-21.01.37:452][656]LogModuleManager: Shutting down and abandoning module HierarchicalLODOutliner (548)
[2018.03.21-21.01.37:452][656]LogModuleManager: Shutting down and abandoning module SceneOutliner (546)
[2018.03.21-21.01.37:462][656]LogModuleManager: Shutting down and abandoning module AddContentDialog (544)
[2018.03.21-21.01.37:464][656]LogDirectoryWatcher: A directory notification for 'D:/Program Files/Epic Games/UE_4.18/FeaturePacks/' was aborted.
[2018.03.21-21.01.37:467][656]LogModuleManager: Shutting down and abandoning module WidgetCarousel (543)
[2018.03.21-21.01.37:467][656]LogModuleManager: Shutting down and abandoning module EditorWidgets (540)
[2018.03.21-21.01.37:467][656]LogModuleManager: Shutting down and abandoning module CollectionManager (538)
[2018.03.21-21.01.37:475][656]LogDirectoryWatcher: A directory notification for 'C:/Users/guill/OneDrive/Escriptori/ClasesUnreal/Content/Collections/' was aborted.
[2018.03.21-21.01.37:475][656]LogDirectoryWatcher: A directory notification for 'C:/Users/guill/OneDrive/Escriptori/ClasesUnreal/Content/Developers/guill/Collections/' was aborted.
[2018.03.21-21.01.37:476][656]LogDirectoryWatcher: A directory notification for 'C:/Users/guill/OneDrive/Escriptori/ClasesUnreal/Saved/Collections/' was aborted.
[2018.03.21-21.01.37:476][656]LogModuleManager: Shutting down and abandoning module StatsViewer (536)
[2018.03.21-21.01.37:495][656]LogModuleManager: Shutting down and abandoning module FoliageEdit (534)
[2018.03.21-21.01.37:495][656]LogModuleManager: Shutting down and abandoning module LandscapeEditor (532)
[2018.03.21-21.01.37:512][656]LogModuleManager: Shutting down and abandoning module MeshPaintMode (530)
[2018.03.21-21.01.37:512][656]LogModuleManager: Shutting down and abandoning module SceneDepthPickerMode (528)
[2018.03.21-21.01.37:512][656]LogModuleManager: Shutting down and abandoning module ActorPickerMode (526)
[2018.03.21-21.01.37:512][656]LogModuleManager: Shutting down and abandoning module GeometryMode (524)
[2018.03.21-21.01.37:513][656]LogModuleManager: Shutting down and abandoning module TextureAlignMode (522)
[2018.03.21-21.01.37:513][656]LogModuleManager: Shutting down and abandoning module BspMode (520)
[2018.03.21-21.01.37:513][656]LogModuleManager: Shutting down and abandoning module PIEPreviewDeviceProfileSelector (518)
[2018.03.21-21.01.37:513][656]LogModuleManager: Shutting down and abandoning module HardwareSurvey (516)
[2018.03.21-21.01.37:513][656]LogModuleManager: Shutting down and abandoning module SequenceRecorderSections (514)
[2018.03.21-21.01.37:513][656]LogModuleManager: Shutting down and abandoning module AutomationWorker (512)
[2018.03.21-21.01.37:522][656]LogModuleManager: Shutting down and abandoning module MatineeToLevelSequence (510)
[2018.03.21-21.01.37:526][656]LogModuleManager: Shutting down and abandoning module LevelSequenceEditor (508)
[2018.03.21-21.01.37:547][656]LogModuleManager: Shutting down and abandoning module PlacementMode (507)
[2018.03.21-21.01.37:547][656]LogModuleManager: Shutting down and abandoning module WmfMediaFactory (504)
[2018.03.21-21.01.37:547][656]LogModuleManager: Shutting down and abandoning module WmfMediaEditor (502)
[2018.03.21-21.01.37:547][656]LogModuleManager: Shutting down and abandoning module OpenExrWrapper (500)
[2018.03.21-21.01.37:547][656]LogModuleManager: Shutting down and abandoning module ImgMediaFactory (498)
[2018.03.21-21.01.37:547][656]LogModuleManager: Shutting down and abandoning module ImgMediaEditor (496)
[2018.03.21-21.01.37:547][656]LogModuleManager: Shutting down and abandoning module AvfMediaFactory (494)
[2018.03.21-21.01.37:547][656]LogModuleManager: Shutting down and abandoning module AvfMediaEditor (492)
[2018.03.21-21.01.37:548][656]LogModuleManager: Shutting down and abandoning module AndroidMediaFactory (490)
[2018.03.21-21.01.37:548][656]LogModuleManager: Shutting down and abandoning module AndroidMediaEditor (488)
[2018.03.21-21.01.37:548][656]LogModuleManager: Shutting down and abandoning module CharacterAI (486)
[2018.03.21-21.01.37:548][656]LogModuleManager: Shutting down and abandoning module AudioCapture (484)
[2018.03.21-21.01.37:555][656]LogModuleManager: Shutting down and abandoning module SequenceRecorder (483)
[2018.03.21-21.01.37:555][656]LogModuleManager: Shutting down and abandoning module SmartSnapping (480)
[2018.03.21-21.01.37:555][656]LogModuleManager: Shutting down and abandoning module SessionServices (478)
[2018.03.21-21.01.37:555][656]LogModuleManager: Shutting down and abandoning module ViewportSnapping (476)
[2018.03.21-21.01.37:556][656]LogModuleManager: Shutting down and abandoning module ViewportInteraction (474)
[2018.03.21-21.01.37:556][656]LogModuleManager: Shutting down and abandoning module ClothPainter (472)
[2018.03.21-21.01.37:569][656]LogModuleManager: Shutting down and abandoning module SkeletalMeshEditor (471)
[2018.03.21-21.01.37:571][656]LogModuleManager: Shutting down and abandoning module LogVisualizer (468)
[2018.03.21-21.01.37:586][656]LogModuleManager: Shutting down and abandoning module IntroTutorials (466)
[2018.03.21-21.01.37:598][656]LogModuleManager: Shutting down and abandoning module GameProjectGeneration (465)
[2018.03.21-21.01.37:610][656]LogModuleManager: Shutting down and abandoning module IOSPlatformEditor (462)
[2018.03.21-21.01.37:610][656]LogModuleManager: Shutting down and abandoning module HTML5PlatformEditor (460)
[2018.03.21-21.01.37:610][656]LogModuleManager: Shutting down and abandoning module AndroidPlatformEditor (458)
[2018.03.21-21.01.37:610][656]LogModuleManager: Shutting down and abandoning module AndroidDeviceDetection (457)
[2018.03.21-21.01.37:682][656]LogModuleManager: Shutting down and abandoning module WindowsPlatformEditor (454)
[2018.03.21-21.01.37:682][656]LogModuleManager: Shutting down and abandoning module IOSRuntimeSettings (452)
[2018.03.21-21.01.37:682][656]LogModuleManager: Shutting down and abandoning module AndroidRuntimeSettings (450)
[2018.03.21-21.01.37:683][656]LogModuleManager: Shutting down and abandoning module InputBindingEditor (448)
[2018.03.21-21.01.37:687][656]LogModuleManager: Shutting down and abandoning module MergeActors (446)
[2018.03.21-21.01.37:709][656]LogModuleManager: Shutting down and abandoning module SizeMap (444)
[2018.03.21-21.01.37:709][656]LogModuleManager: Shutting down and abandoning module TreeMap (442)
[2018.03.21-21.01.37:733][656]LogModuleManager: Shutting down and abandoning module ReferenceViewer (440)
[2018.03.21-21.01.37:733][656]LogModuleManager: Shutting down and abandoning module LocalizationDashboard (438)
[2018.03.21-21.01.37:750][656]LogModuleManager: Shutting down and abandoning module LocalizationService (437)
[2018.03.21-21.01.37:760][656]LogModuleManager: Shutting down and abandoning module HardwareTargeting (434)
[2018.03.21-21.01.37:760][656]LogModuleManager: Shutting down and abandoning module DeviceProfileEditor (432)
[2018.03.21-21.01.37:760][656]LogModuleManager: Shutting down and abandoning module UndoHistory (430)
[2018.03.21-21.01.37:760][656]LogModuleManager: Shutting down and abandoning module XmlParser (428)
[2018.03.21-21.01.37:760][656]LogModuleManager: Shutting down and abandoning module Blutility (426)
[2018.03.21-21.01.37:761][656]LogModuleManager: Shutting down and abandoning module ProjectSettingsViewer (424)
[2018.03.21-21.01.37:761][656]LogModuleManager: Shutting down and abandoning module ProjectTargetPlatformEditor (423)
[2018.03.21-21.01.37:761][656]LogModuleManager: Shutting down and abandoning module EditorSettingsViewer (420)
[2018.03.21-21.01.37:761][656]LogModuleManager: Shutting down and abandoning module SettingsEditor (418)
[2018.03.21-21.01.37:762][656]LogModuleManager: Shutting down and abandoning module ProjectLauncher (416)
[2018.03.21-21.01.37:779][656]LogModuleManager: Shutting down and abandoning module SessionFrontend (414)
[2018.03.21-21.01.37:796][656]LogModuleManager: Shutting down and abandoning module ProfilerClient (412)
[2018.03.21-21.01.37:805][656]LogModuleManager: Shutting down and abandoning module DeviceManager (410)
[2018.03.21-21.01.37:814][656]LogModuleManager: Shutting down and abandoning module TargetDeviceServices (409)
[2018.03.21-21.01.37:867][656]LogModuleManager: Shutting down and abandoning module AutomationController (406)
[2018.03.21-21.01.37:884][656]LogModuleManager: Shutting down and abandoning module AutomationWindow (404)
[2018.03.21-21.01.37:901][656]LogModuleManager: Shutting down and abandoning module Layers (402)
[2018.03.21-21.01.37:918][656]LogModuleManager: Shutting down and abandoning module ComponentVisualizers (400)
[2018.03.21-21.01.37:918][656]LogModuleManager: Shutting down and abandoning module DetailCustomizations (398)
[2018.03.21-21.01.37:918][656]LogModuleManager: Shutting down and abandoning module PackagesDialog (396)
[2018.03.21-21.01.37:944][656]LogModuleManager: Shutting down and abandoning module Persona (394)
[2018.03.21-21.01.37:996][656]LogModuleManager: Shutting down and abandoning module AdvancedPreviewScene (393)
[2018.03.21-21.01.37:996][656]LogModuleManager: Shutting down and abandoning module AnimGraph (391)
[2018.03.21-21.01.37:996][656]LogModuleManager: Shutting down and abandoning module Kismet (388)
[2018.03.21-21.01.38:024][656]LogModuleManager: Shutting down and abandoning module ClassViewer (386)
[2018.03.21-21.01.38:024][656]LogModuleManager: Shutting down and abandoning module Toolbox (384)
[2018.03.21-21.01.38:024][656]LogModuleManager: Shutting down and abandoning module ModuleUI (382)
[2018.03.21-21.01.38:030][656]LogModuleManager: Shutting down and abandoning module MovieSceneTools (380)
[2018.03.21-21.01.38:049][656]LogModuleManager: Shutting down and abandoning module OutputLog (378)
[2018.03.21-21.01.38:066][656]LogModuleManager: Shutting down and abandoning module GammaUI (376)
[2018.03.21-21.01.38:076][656]LogModuleManager: Shutting down and abandoning module Documentation (374)
[2018.03.21-21.01.38:076][656]LogModuleManager: Shutting down and abandoning module MovieSceneTracks (372)
[2018.03.21-21.01.38:076][656]LogModuleManager: Shutting down and abandoning module MovieScene (370)
[2018.03.21-21.01.38:076][656]LogModuleManager: Shutting down and abandoning module StreamingPauseRendering (368)
[2018.03.21-21.01.38:076][656]LogModuleManager: Shutting down and abandoning module LauncherPlatform (366)
[2018.03.21-21.01.38:076][656]LogModuleManager: Shutting down and abandoning module AnalyticsET (364)
[2018.03.21-21.01.38:077][656]LogModuleManager: Shutting down and abandoning module PortalServices (362)
[2018.03.21-21.01.38:077][656]LogModuleManager: Shutting down and abandoning module PortalRpc (360)
[2018.03.21-21.01.38:077][656]LogModuleManager: Shutting down and abandoning module MessagingRpc (358)
[2018.03.21-21.01.38:077][656]LogModuleManager: Shutting down and abandoning module AIModule (356)
[2018.03.21-21.01.38:077][656]LogModuleManager: Shutting down and abandoning module GameplayDebugger (355)
[2018.03.21-21.01.38:077][656]LogModuleManager: Shutting down and abandoning module AITestSuite (353)
[2018.03.21-21.01.38:079][656]LogModuleManager: Shutting down and abandoning module DesktopPlatform (350)
[2018.03.21-21.01.38:080][656]LogModuleManager: Shutting down and abandoning module ProfilerService (348)
[2018.03.21-21.01.38:327][656]LogModuleManager: Shutting down and abandoning module TaskGraph (346)
[2018.03.21-21.01.38:354][656]LogModuleManager: Shutting down and abandoning module SteamVRController (344)
[2018.03.21-21.01.38:354][656]LogModuleManager: Shutting down and abandoning module ProceduralMeshComponentEditor (342)
[2018.03.21-21.01.38:354][656]LogModuleManager: Shutting down and abandoning module ProceduralMeshComponent (340)
[2018.03.21-21.01.38:364][656]LogModuleManager: Shutting down and abandoning module OculusInput (338)
[2018.03.21-21.01.38:374][656]LogModuleManager: Shutting down and abandoning module MobilePatchingUtils (336)
[2018.03.21-21.01.38:374][656]LogModuleManager: Shutting down and abandoning module CustomMeshComponent (334)
[2018.03.21-21.01.38:374][656]LogModuleManager: Shutting down and abandoning module CableComponent (332)
[2018.03.21-21.01.38:383][656]LogModuleManager: Shutting down and abandoning module ArchVisCharacter (330)
[2018.03.21-21.01.38:383][656]LogModuleManager: Shutting down and abandoning module AndroidPermission (328)
[2018.03.21-21.01.38:383][656]LogModuleManager: Shutting down and abandoning module ActorSequence (324)
[2018.03.21-21.01.38:383][656]LogModuleManager: Shutting down and abandoning module MediaPlayerEditor (322)
[2018.03.21-21.01.38:404][656]LogModuleManager: Shutting down and abandoning module MediaCompositingEditor (320)
[2018.03.21-21.01.38:404][656]LogModuleManager: Shutting down and abandoning module MediaCompositing (318)
[2018.03.21-21.01.38:404][656]LogModuleManager: Shutting down and abandoning module HTML5Networking (316)
[2018.03.21-21.01.38:404][656]LogModuleManager: Shutting down and abandoning module AlembicImporter (314)
[2018.03.21-21.01.38:410][656]LogModuleManager: Shutting down and abandoning module AlembicLibrary (313)
[2018.03.21-21.01.38:410][656]LogModuleManager: Shutting down and abandoning module GeometryCache (312)
[2018.03.21-21.01.38:420][656]LogModuleManager: Shutting down and abandoning module GeometryCacheEd (311)
[2018.03.21-21.01.38:420][656]LogModuleManager: Shutting down and abandoning module SpeedTreeImporter (306)
[2018.03.21-21.01.38:421][656]LogModuleManager: Shutting down and abandoning module PluginBrowser (304)
[2018.03.21-21.01.38:433][656]LogModuleManager: Shutting down and abandoning module MobileLauncherProfileWizard (302)
[2018.03.21-21.01.38:447][656]LogModuleManager: Shutting down and abandoning module VisualStudioSourceCodeAccess (300)
[2018.03.21-21.01.38:448][656]LogModuleManager: Shutting down and abandoning module VisualStudioCodeSourceCodeAccess (298)
[2018.03.21-21.01.38:448][656]LogModuleManager: Shutting down and abandoning module UObjectPlugin (296)
[2018.03.21-21.01.38:448][656]LogModuleManager: Shutting down and abandoning module SubversionSourceControl (294)
[2018.03.21-21.01.38:457][656]LogModuleManager: Shutting down and abandoning module PerforceSourceControl (292)
[2018.03.21-21.01.38:466][656]LogModuleManager: Shutting down and abandoning module GitSourceControl (290)
[2018.03.21-21.01.38:472][656]LogModuleManager: Shutting down and abandoning module SourceControl (289)
[2018.03.21-21.01.38:509][656]LogModuleManager: Shutting down and abandoning module LightPropagationVolumeEditor (286)
[2018.03.21-21.01.38:509][656]LogModuleManager: Shutting down and abandoning module PaperTiledImporter (284)
[2018.03.21-21.01.38:509][656]LogModuleManager: Shutting down and abandoning module PaperSpriteSheetImporter (282)
[2018.03.21-21.01.38:509][656]LogModuleManager: Shutting down and abandoning module Paper2DEditor (280)
[2018.03.21-21.01.38:526][656]LogModuleManager: Shutting down and abandoning module MeshPaint (279)
[2018.03.21-21.01.38:540][656]LogModuleManager: Shutting down and abandoning module LevelEditor (277)
[2018.03.21-21.01.38:558][656]LogModuleManager: Shutting down and abandoning module PixelInspectorModule (276)
[2018.03.21-21.01.38:573][656]LogModuleManager: Shutting down and abandoning module MainFrame (274)
[2018.03.21-21.01.38:574][656]LogModuleManager: Shutting down and abandoning module HotReload (273)
[2018.03.21-21.01.38:580][656]LogModuleManager: Shutting down and abandoning module RuntimePhysXCooking (268)
[2018.03.21-21.01.38:580][656]LogModuleManager: Shutting down and abandoning module PhysXVehiclesEditor (266)
[2018.03.21-21.01.38:580][656]LogModuleManager: Shutting down and abandoning module PhysXVehicles (264)
[2018.03.21-21.01.38:580][656]LogModuleManager: Shutting down and abandoning module OculusEditor (262)
[2018.03.21-21.01.38:580][656]LogModuleManager: Shutting down and abandoning module LocationServicesBPLibrary (260)
[2018.03.21-21.01.38:580][656]LogModuleManager: Shutting down and abandoning module ImmediatePhysicsEditor (258)
[2018.03.21-21.01.38:581][656]LogModuleManager: Shutting down and abandoning module ImmediatePhysics (256)
[2018.03.21-21.01.38:607][656]LogModuleManager: Shutting down and abandoning module UdpMessaging (254)
[2018.03.21-21.01.38:714][656]LogModuleManager: Shutting down and abandoning module TcpMessaging (252)
[2018.03.21-21.01.38:834][656]LogModuleManager: Shutting down and abandoning module GameplayTagsEditor (250)
[2018.03.21-21.01.38:844][656]LogModuleManager: Shutting down and abandoning module FacialAnimationEditor (248)
[2018.03.21-21.01.38:844][656]LogModuleManager: Shutting down and abandoning module FacialAnimation (246)
[2018.03.21-21.01.38:844][656]LogModuleManager: Shutting down and abandoning module AssetManagerEditor (244)
[2018.03.21-21.01.38:885][656]LogModuleManager: Shutting down and abandoning module GraphEditor (243)
[2018.03.21-21.01.38:941][656]LogModuleManager: Shutting down and abandoning module ContentBrowser (241)
[2018.03.21-21.01.38:943][656]LogModuleManager: Shutting down and abandoning module LightPropagationVolumeRuntime (238)
[2018.03.21-21.01.38:943][656]LogModuleManager: Shutting down and abandoning module Paper2D (236)
[2018.03.21-21.01.38:943][656]LogModuleManager: Shutting down and abandoning module WindowsMoviePlayer (234)
[2018.03.21-21.01.38:952][656]LogModuleManager: Shutting down and abandoning module WmfMedia (232)
[2018.03.21-21.01.38:968][656]LogModuleManager: Shutting down and abandoning module ImgMedia (230)
[2018.03.21-21.01.38:968][656]LogModuleManager: Shutting down and abandoning module PacketHandler (228)
[2018.03.21-21.01.38:968][656]LogModuleManager: Shutting down and abandoning module ClothingSystemEditor (226)
[2018.03.21-21.01.38:969][656]LogModuleManager: Shutting down and abandoning module ClothingSystemRuntime (224)
[2018.03.21-21.01.38:995][656]LogModuleManager: Shutting down and abandoning module MediaAssets (222)
[2018.03.21-21.01.38:995][656]LogModuleManager: Shutting down and abandoning module Media (221)
[2018.03.21-21.01.39:002][656]LogModuleManager: Shutting down and abandoning module Overlay (218)
[2018.03.21-21.01.39:002][656]LogModuleManager: Shutting down and abandoning module OverlayEditor (217)
[2018.03.21-21.01.39:002][656]LogModuleManager: Shutting down and abandoning module VREditor (214)
[2018.03.21-21.01.39:035][656]LogModuleManager: Shutting down and abandoning module StringTableEditor (212)
[2018.03.21-21.01.39:045][656]LogModuleManager: Shutting down and abandoning module GameplayTasksEditor (210)
[2018.03.21-21.01.39:045][656]LogModuleManager: Shutting down and abandoning module BehaviorTreeEditor (208)
[2018.03.21-21.01.39:061][656]LogModuleManager: Shutting down and abandoning module FunctionalTesting (206)
[2018.03.21-21.01.39:070][656]LogModuleManager: Shutting down and abandoning module CollisionAnalyzer (204)
[2018.03.21-21.01.39:078][656]LogModuleManager: Shutting down and abandoning module WorkspaceMenuStructure (203)
[2018.03.21-21.01.39:079][656]LogModuleManager: Shutting down and abandoning module UMG (200)
[2018.03.21-21.01.39:112][656]LogModuleManager: Shutting down and abandoning module UMGEditor (199)
[2018.03.21-21.01.39:310][656]LogModuleManager: Shutting down and abandoning module Sequencer (198)
[2018.03.21-21.01.39:358][656]LogModuleManager: Shutting down and abandoning module MessageLog (195)
[2018.03.21-21.01.39:358][656]LogModuleManager: Shutting down and abandoning module SlateReflector (190)
[2018.03.21-21.01.39:379][656]LogModuleManager: Shutting down and abandoning module Slate (188)
[2018.03.21-21.01.39:379][656]LogModuleManager: Shutting down and abandoning module EditorStyle (186)
[2018.03.21-21.01.39:382][656]LogModuleManager: Shutting down and abandoning module MRMesh (184)
[2018.03.21-21.01.39:382][656]LogModuleManager: Shutting down and abandoning module SourceCodeAccess (182)
[2018.03.21-21.01.39:382][656]LogModuleManager: Shutting down and abandoning module HeadMountedDisplay (180)
[2018.03.21-21.01.39:382][656]LogModuleManager: Shutting down and abandoning module XAudio2 (178)
[2018.03.21-21.01.39:382][656]LogModuleManager: Shutting down and abandoning module Networking (176)
[2018.03.21-21.01.39:382][656]LogModuleManager: Shutting down and abandoning module Core (172)
[2018.03.21-21.01.39:382][656]LogModuleManager: Shutting down and abandoning module LevelSequence (168)
[2018.03.21-21.01.39:396][656]LogModuleManager: Shutting down and abandoning module DirectoryWatcher (166)
[2018.03.21-21.01.39:397][656]LogModuleManager: Shutting down and abandoning module KismetCompiler (164)
[2018.03.21-21.01.39:397][656]LogModuleManager: Shutting down and abandoning module MeshUtilities (162)
[2018.03.21-21.01.39:421][656]LogModuleManager: Shutting down and abandoning module MeshMergeUtilities (161)
[2018.03.21-21.01.39:439][656]LogModuleManager: Shutting down and abandoning module MeshReductionInterface (160)
[2018.03.21-21.01.39:439][656]LogModuleManager: Shutting down and abandoning module SimplygonSwarm (159)
[2018.03.21-21.01.39:446][656]LogModuleManager: Shutting down and abandoning module SimplygonMeshReduction (157)
[2018.03.21-21.01.39:446][656]LogModuleManager: Shutting down and abandoning module QuadricMeshReduction (155)
[2018.03.21-21.01.39:448][656]LogModuleManager: Shutting down and abandoning module MaterialBaking (151)
[2018.03.21-21.01.39:459][656]LogModuleManager: Shutting down and abandoning module DerivedDataCache (148)
[2018.03.21-21.01.39:544][656]LogDerivedDataCache: Shutdown
[2018.03.21-21.01.39:544][656]LogModuleManager: Shutting down and abandoning module TargetPlatform (146)
[2018.03.21-21.01.39:544][656]LogModuleManager: Shutting down and abandoning module VulkanShaderFormat (145)
[2018.03.21-21.01.39:555][656]LogModuleManager: Shutting down and abandoning module ShaderFormatVectorVM (143)
[2018.03.21-21.01.39:562][656]LogModuleManager: Shutting down and abandoning module ShaderFormatOpenGL (141)
[2018.03.21-21.01.39:571][656]LogModuleManager: Shutting down and abandoning module ShaderFormatD3D (139)
[2018.03.21-21.01.39:571][656]LogModuleManager: Shutting down and abandoning module MetalShaderFormat (137)
[2018.03.21-21.01.39:591][656]LogModuleManager: Shutting down and abandoning module TextureFormatUncompressed (135)
[2018.03.21-21.01.39:591][656]LogModuleManager: Shutting down and abandoning module TextureFormatPVR (133)
[2018.03.21-21.01.39:591][656]LogModuleManager: Shutting down and abandoning module TextureFormatDXT (131)
[2018.03.21-21.01.39:603][656]LogModuleManager: Shutting down and abandoning module TextureFormatIntelISPCTexComp (129)
[2018.03.21-21.01.39:612][656]LogModuleManager: Shutting down and abandoning module TextureFormatASTC (127)
[2018.03.21-21.01.39:612][656]LogModuleManager: Shutting down and abandoning module ImageWrapper (126)
[2018.03.21-21.01.39:612][656]LogModuleManager: Shutting down and abandoning module TextureFormatAndroid (123)
[2018.03.21-21.01.39:612][656]LogModuleManager: Shutting down and abandoning module AudioFormatOpus (121)
[2018.03.21-21.01.39:612][656]LogModuleManager: Shutting down and abandoning module AudioFormatOgg (119)
[2018.03.21-21.01.39:612][656]LogModuleManager: Shutting down and abandoning module AudioFormatADPCM (117)
[2018.03.21-21.01.39:612][656]LogModuleManager: Shutting down and abandoning module LinuxTargetPlatform (115)
[2018.03.21-21.01.39:612][656]LogModuleManager: Shutting down and abandoning module LinuxServerTargetPlatform (113)
[2018.03.21-21.01.39:612][656]LogModuleManager: Shutting down and abandoning module LinuxNoEditorTargetPlatform (111)
[2018.03.21-21.01.39:612][656]LogModuleManager: Shutting down and abandoning module LinuxClientTargetPlatform (109)
[2018.03.21-21.01.39:612][656]LogModuleManager: Shutting down and abandoning module TVOSTargetPlatform (107)
[2018.03.21-21.01.39:612][656]LogModuleManager: Shutting down and abandoning module Messaging (105)
[2018.03.21-21.01.39:612][656]LogModuleManager: Shutting down and abandoning module IOSTargetPlatform (103)
[2018.03.21-21.01.39:612][656]LogModuleManager: Shutting down and abandoning module HTML5TargetPlatform (101)
[2018.03.21-21.01.39:613][656]LogModuleManager: Shutting down and abandoning module AndroidTargetPlatform (99)
[2018.03.21-21.01.39:613][656]LogModuleManager: Shutting down and abandoning module Android_PVRTCTargetPlatform (97)
[2018.03.21-21.01.39:613][656]LogModuleManager: Shutting down and abandoning module Android_MultiTargetPlatform (95)
[2018.03.21-21.01.39:613][656]LogModuleManager: Shutting down and abandoning module Android_ETC2TargetPlatform (93)
[2018.03.21-21.01.39:613][656]LogModuleManager: Shutting down and abandoning module Android_ETC1TargetPlatform (91)
[2018.03.21-21.01.39:613][656]LogModuleManager: Shutting down and abandoning module Android_DXTTargetPlatform (89)
[2018.03.21-21.01.39:613][656]LogModuleManager: Shutting down and abandoning module Android_ATCTargetPlatform (87)
[2018.03.21-21.01.39:613][656]LogModuleManager: Shutting down and abandoning module Android_ASTCTargetPlatform (85)
[2018.03.21-21.01.39:613][656]LogModuleManager: Shutting down and abandoning module WindowsTargetPlatform (83)
[2018.03.21-21.01.39:613][656]LogModuleManager: Shutting down and abandoning module WindowsServerTargetPlatform (81)
[2018.03.21-21.01.39:613][656]LogModuleManager: Shutting down and abandoning module WindowsNoEditorTargetPlatform (79)
[2018.03.21-21.01.39:613][656]LogModuleManager: Shutting down and abandoning module WindowsClientTargetPlatform (77)
[2018.03.21-21.01.39:613][656]LogModuleManager: Shutting down and abandoning module MacTargetPlatform (75)
[2018.03.21-21.01.39:613][656]LogModuleManager: Shutting down and abandoning module MacServerTargetPlatform (73)
[2018.03.21-21.01.39:613][656]LogModuleManager: Shutting down and abandoning module MacNoEditorTargetPlatform (71)
[2018.03.21-21.01.39:613][656]LogModuleManager: Shutting down and abandoning module MacClientTargetPlatform (69)
[2018.03.21-21.01.39:613][656]LogModuleManager: Shutting down and abandoning module AllDesktopTargetPlatform (67)
[2018.03.21-21.01.39:614][656]LogModuleManager: Shutting down and abandoning module InputCore (64)
[2018.03.21-21.01.39:614][656]LogModuleManager: Shutting down and abandoning module Settings (62)
[2018.03.21-21.01.39:614][656]LogModuleManager: Shutting down and abandoning module PhysXCooking (60)
[2018.03.21-21.01.39:614][656]LogModuleManager: Shutting down and abandoning module SteamVR (58)
[2018.03.21-21.01.39:614][656]LogModuleManager: Shutting down and abandoning module OculusHMD (56)
[2018.03.21-21.01.39:644][656]LogModuleManager: Shutting down and abandoning module ExampleDeviceProfileSelector (54)
[2018.03.21-21.01.39:644][656]LogModuleManager: Shutting down and abandoning module AppleARKit (52)
[2018.03.21-21.01.39:644][656]LogModuleManager: Shutting down and abandoning module AugmentedReality (51)
[2018.03.21-21.01.39:644][656]LogModuleManager: Shutting down and abandoning module OnlineBlueprintSupport (48)
[2018.03.21-21.01.39:644][656]LogModuleManager: Shutting down and abandoning module OnlineSubsystem (44)
[2018.03.21-21.01.39:708][656]LogModuleManager: Shutting down and abandoning module XMPP (43)
[2018.03.21-21.01.39:715][656]LogModuleManager: Shutting down and abandoning module HTTP (41)
[2018.03.21-21.01.39:715][656]LogHttp: Display: Http module shutting down, but needs to wait on 1 outstanding Http requests:
[2018.03.21-21.01.39:715][656]LogHttp: Display: 	verb=[POST] url=[https://datarouter.ol.epicgames.com/datarouter/api/v1/public/data?SessionID=%7B6742B5D4-42D8-F6BD-8F05-368B80F89081%7D&AppID=UEEditor.Rocket.Release&AppVersion=4.18.3-3832480%2B%2B%2BUE4%2BRelease-4.18&UserID=80614db84afffcfecd72078fc9466f88%7C6a8c518ad1bd4e96bcd4438edbc75240%7C4b82af43-f43a-4272-b7a5-b73379b4facf&AppEnvironment=datacollector-binary&UploadType=eteventstream] status=Processing
[2018.03.21-21.01.39:725][656]LogModuleManager: Shutting down and abandoning module SSL (40)
[2018.03.21-21.01.39:737][656]LogModuleManager: Shutting down and abandoning module AnimationModifiers (36)
[2018.03.21-21.01.39:750][656]LogModuleManager: Shutting down and abandoning module PropertyEditor (35)
[2018.03.21-21.01.39:751][656]LogModuleManager: Shutting down and abandoning module AudioEditor (32)
[2018.03.21-21.01.39:766][656]LogModuleManager: Shutting down and abandoning module TextureCompressor (30)
[2018.03.21-21.01.39:819][656]LogModuleManager: Shutting down and abandoning module ShaderCore (28)
[2018.03.21-21.01.39:819][656]LogModuleManager: Shutting down and abandoning module Landscape (26)
[2018.03.21-21.01.39:819][656]LogModuleManager: Shutting down and abandoning module SlateRHIRenderer (24)
[2018.03.21-21.01.39:828][656]LogModuleManager: Shutting down and abandoning module OpenGLDrv (22)
[2018.03.21-21.01.39:848][656]LogModuleManager: Shutting down and abandoning module D3D11RHI (20)
[2018.03.21-21.01.39:848][656]LogModuleManager: Shutting down and abandoning module AnimGraphRuntime (18)
[2018.03.21-21.01.39:855][656]LogModuleManager: Shutting down and abandoning module Renderer (16)
[2018.03.21-21.01.39:855][656]LogModuleManager: Shutting down and abandoning module Engine (14)
[2018.03.21-21.01.39:855][656]LogModuleManager: Shutting down and abandoning module CoreUObject (12)
[2018.03.21-21.01.39:855][656]LogModuleManager: Shutting down and abandoning module NetworkFile (10)
[2018.03.21-21.01.39:866][656]LogModuleManager: Shutting down and abandoning module CookedIterativeFile (8)
[2018.03.21-21.01.39:866][656]LogModuleManager: Shutting down and abandoning module StreamingFile (6)
[2018.03.21-21.01.39:877][656]LogModuleManager: Shutting down and abandoning module SandboxFile (4)
[2018.03.21-21.01.39:877][656]LogModuleManager: Shutting down and abandoning module PakFile (2)
[2018.03.21-21.01.39:920][656]LogExit: Exiting.
[2018.03.21-21.01.39:979][656]Log file closed, 03/21/18 22:01:39
